<?xml version="1.0" encoding="UTF-8"?>
<!-- Generated by org.testng.reporters.JUnitXMLReporter -->
<testsuite ignored="0" hostname="LTIN448030" failures="0" tests="13" name="Default test" time="0.072" errors="0" timestamp="2023-06-28T15:48:58 IST">
  <testcase classname="TestScenarios.TestCases" name="@BeforeTest Configdriver1" time="-1.687947538768E9">
    <failure type="org.testng.TestNGException" message="
Parameter &amp;apos;browserName&amp;apos; is required by BeforeTest on method Configdriver1 but has not been marked @Optional or defined
in C:\Users\2271378\AppData\Local\Temp\1\testng-eclipse--1480708096\testng-customsuite.xml">
      <![CDATA[org.testng.TestNGException: 
Parameter 'browserName' is required by BeforeTest on method Configdriver1 but has not been marked @Optional or defined
in C:\Users\2271378\AppData\Local\Temp\1\testng-eclipse--1480708096\testng-customsuite.xml
at org.testng.internal.Parameters.createParams(Parameters.java:270)
at org.testng.internal.Parameters.createParametersForMethod(Parameters.java:358)
at org.testng.internal.Parameters.createParameters(Parameters.java:700)
at org.testng.internal.Parameters.createConfigurationParameters(Parameters.java:168)
at org.testng.internal.ConfigInvoker.invokeConfigurations(ConfigInvoker.java:302)
at org.testng.TestRunner.invokeTestConfigurations(TestRunner.java:637)
at org.testng.TestRunner.beforeRun(TestRunner.java:627)
at org.testng.TestRunner.run(TestRunner.java:589)
at org.testng.SuiteRunner.runTest(SuiteRunner.java:377)
at org.testng.SuiteRunner.runSequentially(SuiteRunner.java:371)
at org.testng.SuiteRunner.privateRun(SuiteRunner.java:332)
at org.testng.SuiteRunner.run(SuiteRunner.java:276)
at org.testng.SuiteRunnerWorker.runSuite(SuiteRunnerWorker.java:53)
at org.testng.SuiteRunnerWorker.run(SuiteRunnerWorker.java:96)
at org.testng.TestNG.runSuitesSequentially(TestNG.java:1212)
at org.testng.TestNG.runSuitesLocally(TestNG.java:1134)
at org.testng.TestNG.runSuites(TestNG.java:1063)
at org.testng.TestNG.run(TestNG.java:1031)
at org.testng.remote.AbstractRemoteTestNG.run(AbstractRemoteTestNG.java:115)
at org.testng.remote.RemoteTestNG.initAndRun(RemoteTestNG.java:251)
at org.testng.remote.RemoteTestNG.main(RemoteTestNG.java:77)
]]>
    </failure>
  </testcase> <!-- @BeforeTest Configdriver1 -->
  <testcase classname="TestScenarios.TestCases" name="@AfterTest closeBrowser2" time="-1.687947538834E9">
    <skipped/>
  </testcase> <!-- @AfterTest closeBrowser2 -->
  <testcase classname="TestScenarios.TestCases" name="clickingHolidayHomeslink" time="0.0">
    <skipped/>
  </testcase> <!-- clickingHolidayHomeslink -->
  <testcase classname="TestScenarios.TestCases" name="enteringCityName" time="0.0">
    <skipped/>
  </testcase> <!-- enteringCityName -->
  <testcase classname="TestScenarios.TestCases" name="clickingCityName" time="0.0">
    <skipped/>
  </testcase> <!-- clickingCityName -->
  <testcase classname="TestScenarios.TestCases" name="sortBy" time="0.0">
    <skipped/>
  </testcase> <!-- sortBy -->
  <testcase classname="TestScenarios.TestCases" name="selectingElevator" time="0.0">
    <skipped/>
  </testcase> <!-- selectingElevator -->
  <testcase classname="TestScenarios.TestCases" name="selectCheckInDate" time="0.0">
    <skipped/>
  </testcase> <!-- selectCheckInDate -->
  <testcase classname="TestScenarios.TestCases" name="selectCheckOutDate" time="0.0">
    <skipped/>
  </testcase> <!-- selectCheckOutDate -->
  <testcase classname="TestScenarios.TestCases" name="addingguests" time="0.0">
    <skipped/>
  </testcase> <!-- addingguests -->
  <testcase classname="TestScenarios.TestCases" name="printHotelDetails" time="0.0">
    <skipped/>
  </testcase> <!-- printHotelDetails -->
  <testcase classname="TestScenarios.TestCases" name="selectCruiseLine" time="0.0">
    <skipped/>
  </testcase> <!-- selectCruiseLine -->
  <testcase classname="TestScenarios.TestCases" name="selectCruiseShip" time="0.0">
    <skipped/>
  </testcase> <!-- selectCruiseShip -->
  <testcase classname="TestScenarios.TestCases" name="searchCruises" time="0.0">
    <skipped/>
  </testcase> <!-- searchCruises -->
  <testcase classname="TestScenarios.TestCases" name="extractDetails_Cruise" time="0.0">
    <skipped/>
  </testcase> <!-- extractDetails_Cruise -->
</testsuite> <!-- Default test -->
